D:\Documents\DropBox\Dropbox\University Work\Year 3\CSC3222 Gaming Simulations\GamingSim Entities\GamingSim Entities\Debug\cl.command.1.tlog
D:\Documents\DropBox\Dropbox\University Work\Year 3\CSC3222 Gaming Simulations\GamingSim Entities\GamingSim Entities\Debug\CL.read.1.tlog
D:\Documents\DropBox\Dropbox\University Work\Year 3\CSC3222 Gaming Simulations\GamingSim Entities\GamingSim Entities\Debug\CL.write.1.tlog
D:\DOCUMENTS\DROPBOX\DROPBOX\UNIVERSITY WORK\YEAR 3\CSC3222 GAMING SIMULATIONS\GAMINGSIM ENTITIES\GAMINGSIM ENTITIES\DEBUG\GAMINGSIM ENTITIES.EXE
D:\DOCUMENTS\DROPBOX\DROPBOX\UNIVERSITY WORK\YEAR 3\CSC3222 GAMING SIMULATIONS\GAMINGSIM ENTITIES\GAMINGSIM ENTITIES\DEBUG\GAMINGSIM ENTITIES.EXE.EMBED.MANIFEST
D:\DOCUMENTS\DROPBOX\DROPBOX\UNIVERSITY WORK\YEAR 3\CSC3222 GAMING SIMULATIONS\GAMINGSIM ENTITIES\GAMINGSIM ENTITIES\DEBUG\GAMINGSIM ENTITIES.EXE.EMBED.MANIFEST.RES
D:\DOCUMENTS\DROPBOX\DROPBOX\UNIVERSITY WORK\YEAR 3\CSC3222 GAMING SIMULATIONS\GAMINGSIM ENTITIES\GAMINGSIM ENTITIES\DEBUG\GAMINGSIM ENTITIES.EXE.INTERMEDIATE.MANIFEST
D:\DOCUMENTS\DROPBOX\DROPBOX\UNIVERSITY WORK\YEAR 3\CSC3222 GAMING SIMULATIONS\GAMINGSIM ENTITIES\GAMINGSIM ENTITIES\DEBUG\GAMINGSIM ENTITIES.ILK
D:\DOCUMENTS\DROPBOX\DROPBOX\UNIVERSITY WORK\YEAR 3\CSC3222 GAMING SIMULATIONS\GAMINGSIM ENTITIES\GAMINGSIM ENTITIES\DEBUG\GAMINGSIM ENTITIES.PDB
D:\Documents\DropBox\Dropbox\University Work\Year 3\CSC3222 Gaming Simulations\GamingSim Entities\GamingSim Entities\Debug\GamingSim Entities.write.1.tlog
D:\Documents\DropBox\Dropbox\University Work\Year 3\CSC3222 Gaming Simulations\GamingSim Entities\GamingSim Entities\Debug\GamingSim Entities_manifest.rc
D:\Documents\DropBox\Dropbox\University Work\Year 3\CSC3222 Gaming Simulations\GamingSim Entities\GamingSim Entities\Debug\link.command.1.tlog
D:\Documents\DropBox\Dropbox\University Work\Year 3\CSC3222 Gaming Simulations\GamingSim Entities\GamingSim Entities\Debug\link.read.1.tlog
D:\Documents\DropBox\Dropbox\University Work\Year 3\CSC3222 Gaming Simulations\GamingSim Entities\GamingSim Entities\Debug\link.read.2.tlog
D:\Documents\DropBox\Dropbox\University Work\Year 3\CSC3222 Gaming Simulations\GamingSim Entities\GamingSim Entities\Debug\link.write.1.tlog
D:\Documents\DropBox\Dropbox\University Work\Year 3\CSC3222 Gaming Simulations\GamingSim Entities\GamingSim Entities\Debug\link-cvtres.read.1.tlog
D:\Documents\DropBox\Dropbox\University Work\Year 3\CSC3222 Gaming Simulations\GamingSim Entities\GamingSim Entities\Debug\link-cvtres.write.1.tlog
D:\DOCUMENTS\DROPBOX\DROPBOX\UNIVERSITY WORK\YEAR 3\CSC3222 GAMING SIMULATIONS\GAMINGSIM ENTITIES\GAMINGSIM ENTITIES\DEBUG\MAIN.OBJ
D:\DOCUMENTS\DROPBOX\DROPBOX\UNIVERSITY WORK\YEAR 3\CSC3222 GAMING SIMULATIONS\GAMINGSIM ENTITIES\GAMINGSIM ENTITIES\DEBUG\MATRIX4.OBJ
D:\DOCUMENTS\DROPBOX\DROPBOX\UNIVERSITY WORK\YEAR 3\CSC3222 GAMING SIMULATIONS\GAMINGSIM ENTITIES\GAMINGSIM ENTITIES\DEBUG\MESH.OBJ
D:\DOCUMENTS\DROPBOX\DROPBOX\UNIVERSITY WORK\YEAR 3\CSC3222 GAMING SIMULATIONS\GAMINGSIM ENTITIES\GAMINGSIM ENTITIES\DEBUG\MESHMANAGER.OBJ
D:\Documents\DropBox\Dropbox\University Work\Year 3\CSC3222 Gaming Simulations\GamingSim Entities\GamingSim Entities\Debug\mt.command.1.tlog
D:\Documents\DropBox\Dropbox\University Work\Year 3\CSC3222 Gaming Simulations\GamingSim Entities\GamingSim Entities\Debug\mt.read.1.tlog
D:\Documents\DropBox\Dropbox\University Work\Year 3\CSC3222 Gaming Simulations\GamingSim Entities\GamingSim Entities\Debug\mt.write.1.tlog
D:\DOCUMENTS\DROPBOX\DROPBOX\UNIVERSITY WORK\YEAR 3\CSC3222 GAMING SIMULATIONS\GAMINGSIM ENTITIES\GAMINGSIM ENTITIES\DEBUG\OCTREE.OBJ
D:\Documents\DropBox\Dropbox\University Work\Year 3\CSC3222 Gaming Simulations\GamingSim Entities\GamingSim Entities\Debug\rc.command.1.tlog
D:\Documents\DropBox\Dropbox\University Work\Year 3\CSC3222 Gaming Simulations\GamingSim Entities\GamingSim Entities\Debug\rc.read.1.tlog
D:\Documents\DropBox\Dropbox\University Work\Year 3\CSC3222 Gaming Simulations\GamingSim Entities\GamingSim Entities\Debug\rc.write.1.tlog
D:\DOCUMENTS\DROPBOX\DROPBOX\UNIVERSITY WORK\YEAR 3\CSC3222 GAMING SIMULATIONS\GAMINGSIM ENTITIES\GAMINGSIM ENTITIES\DEBUG\RENDEROBJECT.OBJ
D:\DOCUMENTS\DROPBOX\DROPBOX\UNIVERSITY WORK\YEAR 3\CSC3222 GAMING SIMULATIONS\GAMINGSIM ENTITIES\GAMINGSIM ENTITIES\DEBUG\SHADER.OBJ
D:\DOCUMENTS\DROPBOX\DROPBOX\UNIVERSITY WORK\YEAR 3\CSC3222 GAMING SIMULATIONS\GAMINGSIM ENTITIES\GAMINGSIM ENTITIES\DEBUG\SHADERMANAGER.OBJ
D:\DOCUMENTS\DROPBOX\DROPBOX\UNIVERSITY WORK\YEAR 3\CSC3222 GAMING SIMULATIONS\GAMINGSIM ENTITIES\GAMINGSIM ENTITIES\DEBUG\SINGLETON.OBJ
D:\DOCUMENTS\DROPBOX\DROPBOX\UNIVERSITY WORK\YEAR 3\CSC3222 GAMING SIMULATIONS\GAMINGSIM ENTITIES\GAMINGSIM ENTITIES\DEBUG\SPHERE.OBJ
D:\DOCUMENTS\DROPBOX\DROPBOX\UNIVERSITY WORK\YEAR 3\CSC3222 GAMING SIMULATIONS\GAMINGSIM ENTITIES\GAMINGSIM ENTITIES\DEBUG\SRENDERER.OBJ
D:\DOCUMENTS\DROPBOX\DROPBOX\UNIVERSITY WORK\YEAR 3\CSC3222 GAMING SIMULATIONS\GAMINGSIM ENTITIES\GAMINGSIM ENTITIES\DEBUG\TEXTUREMANAGER.OBJ
D:\Documents\DropBox\Dropbox\University Work\Year 3\CSC3222 Gaming Simulations\GamingSim Entities\GamingSim Entities\Debug\vc100.idb
D:\DOCUMENTS\DROPBOX\DROPBOX\UNIVERSITY WORK\YEAR 3\CSC3222 GAMING SIMULATIONS\GAMINGSIM ENTITIES\GAMINGSIM ENTITIES\DEBUG\VC100.PDB
D:\DOCUMENTS\DROPBOX\DROPBOX\UNIVERSITY WORK\YEAR 3\CSC3222 GAMING SIMULATIONS\GAMINGSIM ENTITIES\GAMINGSIM ENTITIES\DEBUG\VECTOR3.OBJ
D:\DOCUMENTS\DROPBOX\DROPBOX\UNIVERSITY WORK\YEAR 3\CSC3222 GAMING SIMULATIONS\GAMINGSIM ENTITIES\GAMINGSIM ENTITIES\DEBUG\VERLET.OBJ
