Build started 14/03/2014 01:41:53.
     1>Project "D:\Documents\DropBox\Dropbox\University Work\Year 3\CSC3222 Gaming Simulations\GamingSim Entities\GamingSim Entities\GamingSim Entities.vcxproj" on node 2 (build target(s)).
     1>InitializeBuildStatus:
         Creating "Debug\GamingSim Entities.unsuccessfulbuild" because "AlwaysCreate" was specified.
       ClCompile:
         C:\Program Files (x86)\Microsoft Visual Studio 10.0\VC\bin\CL.exe /c /ZI /nologo /W3 /WX- /Od /Oy- /D WIN32 /D _DEBUG /D _CONSOLE /D _UNICODE /D UNICODE /Gm /EHsc /RTC1 /MDd /GS /fp:precise /Zc:wchar_t /Zc:forScope /Fo"Debug\\" /Fd"Debug\vc100.pdb" /Gd /TP /analyze- /errorReport:prompt Main.cpp
         Main.cpp
     1>d:\documents\dropbox\dropbox\university work\year 3\csc3222 gaming simulations\gamingsim entities\gamingsim entities\main.cpp(105): warning C4305: 'initializing' : truncation from 'double' to 'float'
       ManifestResourceCompile:
         All outputs are up-to-date.
       Link:
         C:\Program Files (x86)\Microsoft Visual Studio 10.0\VC\bin\link.exe /ERRORREPORT:PROMPT /OUT:"D:\Documents\DropBox\Dropbox\University Work\Year 3\CSC3222 Gaming Simulations\GamingSim Entities\GamingSim Entities\Debug\GamingSim Entities.exe" /INCREMENTAL /NOLOGO SOIL.lib glew32.lib opengl32.lib "sfml-audio-d.lib" "sfml-graphics-d.lib" "sfml-main-d.lib" "sfml-system-d.lib" "sfml-window-d.lib" kernel32.lib user32.lib gdi32.lib winspool.lib comdlg32.lib advapi32.lib shell32.lib ole32.lib oleaut32.lib uuid.lib odbc32.lib odbccp32.lib /MANIFEST /ManifestFile:"Debug\GamingSim Entities.exe.intermediate.manifest" /MANIFESTUAC:"level='asInvoker' uiAccess='false'" /DEBUG /PDB:"D:\Documents\DropBox\Dropbox\University Work\Year 3\CSC3222 Gaming Simulations\GamingSim Entities\GamingSim Entities\Debug\GamingSim Entities.pdb" /SUBSYSTEM:CONSOLE /TLBID:1 /DYNAMICBASE /NXCOMPAT /IMPLIB:"D:\Documents\DropBox\Dropbox\University Work\Year 3\CSC3222 Gaming Simulations\GamingSim Entities\GamingSim Entities\Debug\GamingSim Entities.lib" /MACHINE:X86 "Debug\GamingSim Entities.exe.embed.manifest.res"
         Debug\Matrix4.obj
         Debug\Mesh.obj
         Debug\MeshManager.obj
         Debug\RenderObject.obj
         Debug\Shader.obj
         Debug\ShaderManager.obj
         Debug\Singleton.obj
         Debug\Sphere.obj
         Debug\Main.obj
         Debug\Octree.obj
         Debug\SRenderer.obj
         Debug\TextureManager.obj
         Debug\Vector3.obj
         Debug\Verlet.obj
       Manifest:
         C:\Program Files (x86)\Microsoft SDKs\Windows\v7.0A\bin\mt.exe /nologo /verbose /out:"Debug\GamingSim Entities.exe.embed.manifest" /manifest "Debug\GamingSim Entities.exe.intermediate.manifest"
         All outputs are up-to-date.
       LinkEmbedManifest:
         All outputs are up-to-date.
         GamingSim Entities.vcxproj -> D:\Documents\DropBox\Dropbox\University Work\Year 3\CSC3222 Gaming Simulations\GamingSim Entities\GamingSim Entities\Debug\GamingSim Entities.exe
       FinalizeBuildStatus:
         Deleting file "Debug\GamingSim Entities.unsuccessfulbuild".
         Touching "Debug\GamingSim Entities.lastbuildstate".
     1>Done Building Project "D:\Documents\DropBox\Dropbox\University Work\Year 3\CSC3222 Gaming Simulations\GamingSim Entities\GamingSim Entities\GamingSim Entities.vcxproj" (build target(s)).

Build succeeded.

Time Elapsed 00:00:01.58
