D:\Documents\DropBox\Dropbox\University Work\Year 3\CSC3222 Gaming Simulations\GamingSim Entities\GamingSim Entities\Release\cl.command.1.tlog
D:\Documents\DropBox\Dropbox\University Work\Year 3\CSC3222 Gaming Simulations\GamingSim Entities\GamingSim Entities\Release\CL.read.1.tlog
D:\Documents\DropBox\Dropbox\University Work\Year 3\CSC3222 Gaming Simulations\GamingSim Entities\GamingSim Entities\Release\CL.write.1.tlog
D:\DOCUMENTS\DROPBOX\DROPBOX\UNIVERSITY WORK\YEAR 3\CSC3222 GAMING SIMULATIONS\GAMINGSIM ENTITIES\GAMINGSIM ENTITIES\RELEASE\GAMINGSIM ENTITIES.EXE
D:\DOCUMENTS\DROPBOX\DROPBOX\UNIVERSITY WORK\YEAR 3\CSC3222 GAMING SIMULATIONS\GAMINGSIM ENTITIES\GAMINGSIM ENTITIES\RELEASE\GAMINGSIM ENTITIES.EXE.INTERMEDIATE.MANIFEST
D:\DOCUMENTS\DROPBOX\DROPBOX\UNIVERSITY WORK\YEAR 3\CSC3222 GAMING SIMULATIONS\GAMINGSIM ENTITIES\GAMINGSIM ENTITIES\RELEASE\GAMINGSIM ENTITIES.PDB
D:\Documents\DropBox\Dropbox\University Work\Year 3\CSC3222 Gaming Simulations\GamingSim Entities\GamingSim Entities\Release\GamingSim Entities.write.1.tlog
D:\Documents\DropBox\Dropbox\University Work\Year 3\CSC3222 Gaming Simulations\GamingSim Entities\GamingSim Entities\Release\link.command.1.tlog
D:\Documents\DropBox\Dropbox\University Work\Year 3\CSC3222 Gaming Simulations\GamingSim Entities\GamingSim Entities\Release\link.read.1.tlog
D:\Documents\DropBox\Dropbox\University Work\Year 3\CSC3222 Gaming Simulations\GamingSim Entities\GamingSim Entities\Release\link.write.1.tlog
D:\DOCUMENTS\DROPBOX\DROPBOX\UNIVERSITY WORK\YEAR 3\CSC3222 GAMING SIMULATIONS\GAMINGSIM ENTITIES\GAMINGSIM ENTITIES\RELEASE\MAIN.OBJ
D:\DOCUMENTS\DROPBOX\DROPBOX\UNIVERSITY WORK\YEAR 3\CSC3222 GAMING SIMULATIONS\GAMINGSIM ENTITIES\GAMINGSIM ENTITIES\RELEASE\MATRIX4.OBJ
D:\DOCUMENTS\DROPBOX\DROPBOX\UNIVERSITY WORK\YEAR 3\CSC3222 GAMING SIMULATIONS\GAMINGSIM ENTITIES\GAMINGSIM ENTITIES\RELEASE\MESH.OBJ
D:\DOCUMENTS\DROPBOX\DROPBOX\UNIVERSITY WORK\YEAR 3\CSC3222 GAMING SIMULATIONS\GAMINGSIM ENTITIES\GAMINGSIM ENTITIES\RELEASE\MESHMANAGER.OBJ
D:\Documents\DropBox\Dropbox\University Work\Year 3\CSC3222 Gaming Simulations\GamingSim Entities\GamingSim Entities\Release\mt.command.1.tlog
D:\Documents\DropBox\Dropbox\University Work\Year 3\CSC3222 Gaming Simulations\GamingSim Entities\GamingSim Entities\Release\mt.read.1.tlog
D:\Documents\DropBox\Dropbox\University Work\Year 3\CSC3222 Gaming Simulations\GamingSim Entities\GamingSim Entities\Release\mt.write.1.tlog
D:\DOCUMENTS\DROPBOX\DROPBOX\UNIVERSITY WORK\YEAR 3\CSC3222 GAMING SIMULATIONS\GAMINGSIM ENTITIES\GAMINGSIM ENTITIES\RELEASE\OCTREE.OBJ
D:\DOCUMENTS\DROPBOX\DROPBOX\UNIVERSITY WORK\YEAR 3\CSC3222 GAMING SIMULATIONS\GAMINGSIM ENTITIES\GAMINGSIM ENTITIES\RELEASE\RENDEROBJECT.OBJ
D:\DOCUMENTS\DROPBOX\DROPBOX\UNIVERSITY WORK\YEAR 3\CSC3222 GAMING SIMULATIONS\GAMINGSIM ENTITIES\GAMINGSIM ENTITIES\RELEASE\SHADER.OBJ
D:\DOCUMENTS\DROPBOX\DROPBOX\UNIVERSITY WORK\YEAR 3\CSC3222 GAMING SIMULATIONS\GAMINGSIM ENTITIES\GAMINGSIM ENTITIES\RELEASE\SHADERMANAGER.OBJ
D:\DOCUMENTS\DROPBOX\DROPBOX\UNIVERSITY WORK\YEAR 3\CSC3222 GAMING SIMULATIONS\GAMINGSIM ENTITIES\GAMINGSIM ENTITIES\RELEASE\SINGLETON.OBJ
D:\DOCUMENTS\DROPBOX\DROPBOX\UNIVERSITY WORK\YEAR 3\CSC3222 GAMING SIMULATIONS\GAMINGSIM ENTITIES\GAMINGSIM ENTITIES\RELEASE\SPHERE.OBJ
D:\DOCUMENTS\DROPBOX\DROPBOX\UNIVERSITY WORK\YEAR 3\CSC3222 GAMING SIMULATIONS\GAMINGSIM ENTITIES\GAMINGSIM ENTITIES\RELEASE\SRENDERER.OBJ
D:\DOCUMENTS\DROPBOX\DROPBOX\UNIVERSITY WORK\YEAR 3\CSC3222 GAMING SIMULATIONS\GAMINGSIM ENTITIES\GAMINGSIM ENTITIES\RELEASE\TEXTUREMANAGER.OBJ
D:\DOCUMENTS\DROPBOX\DROPBOX\UNIVERSITY WORK\YEAR 3\CSC3222 GAMING SIMULATIONS\GAMINGSIM ENTITIES\GAMINGSIM ENTITIES\RELEASE\VC100.PDB
D:\DOCUMENTS\DROPBOX\DROPBOX\UNIVERSITY WORK\YEAR 3\CSC3222 GAMING SIMULATIONS\GAMINGSIM ENTITIES\GAMINGSIM ENTITIES\RELEASE\VECTOR3.OBJ
D:\DOCUMENTS\DROPBOX\DROPBOX\UNIVERSITY WORK\YEAR 3\CSC3222 GAMING SIMULATIONS\GAMINGSIM ENTITIES\GAMINGSIM ENTITIES\RELEASE\VERLET.OBJ
